<?xml version="1.0" encoding="UTF-8"?>
<!-- Generated by org.testng.reporters.JUnitReportReporter -->
<testsuite hostname="P0133522" failures="0" tests="1" name="com.restassured.udemyrahul.A20ParsingJsonBodyUsingJsonPath" time="1.088" errors="0" timestamp="2022-09-06T15:24:50 IST" skipped="0">
  <testcase classname="com.restassured.udemyrahul.A20ParsingJsonBodyUsingJsonPath" name="A26JsonArraySize" time="1.088"/>
  <system-out/>
</testsuite> <!-- com.restassured.udemyrahul.A20ParsingJsonBodyUsingJsonPath -->
