<?xml version="1.0" encoding="UTF-8"?>
<!-- Generated by org.testng.reporters.JUnitReportReporter -->
<testsuite hostname="P0133522" failures="0" tests="1" name="com.restassured.DefaultValues" time="3.297" errors="0" timestamp="2022-09-05T11:58:51 IST" skipped="0">
  <testcase classname="com.restassured.DefaultValues" name="testDefualt" time="3.297"/>
  <system-out/>
</testsuite> <!-- com.restassured.DefaultValues -->
