<?xml version="1.0" encoding="UTF-8"?>
<!-- Generated by org.testng.reporters.JUnitReportReporter -->
<testsuite hostname="P0133522" failures="0" tests="1" name="com.restassured.json.A30JsonPathWithFilters" time="0.894" errors="0" timestamp="2022-08-29T18:46:58 IST" skipped="0">
  <testcase classname="com.restassured.json.A30JsonPathWithFilters" name="filtersData" time="0.894"/>
  <system-out/>
</testsuite> <!-- com.restassured.json.A30JsonPathWithFilters -->
