<?xml version="1.0" encoding="UTF-8"?>
<!-- Generated by org.testng.reporters.JUnitReportReporter -->
<testsuite hostname="P0133522" failures="0" tests="1" name="com.restassured.DefaultValues2" time="1.324" errors="0" timestamp="2022-09-01T09:51:55 IST" skipped="0">
  <testcase classname="com.restassured.DefaultValues2" name="createBooking" time="1.324"/>
  <system-out/>
</testsuite> <!-- com.restassured.DefaultValues2 -->
