<?xml version="1.0" encoding="UTF-8"?>
<!-- Generated by org.testng.reporters.JUnitReportReporter -->
<testsuite hostname="P0133522" failures="0" tests="3" name="com.restassured.json.A31InlineAssertion" time="5.502" errors="0" timestamp="2022-08-29T19:16:36 IST" skipped="0">
  <testcase classname="com.restassured.json.A31InlineAssertion" name="Assertions" time="2.884"/>
  <system-out/>
  <testcase classname="com.restassured.json.A31InlineAssertion" name="inLineAssertions" time="1.325"/>
  <system-out/>
  <testcase classname="com.restassured.json.A31InlineAssertion" name="inLineAssertionsForCreateBooking" time="1.293"/>
  <system-out/>
</testsuite> <!-- com.restassured.json.A31InlineAssertion -->
