<?xml version="1.0" encoding="UTF-8"?>
<!-- Generated by org.testng.reporters.JUnitReportReporter -->
<testsuite hostname="P0133522" failures="0" tests="1" name="com.restassured.udemyrahul.A19Basics" time="2.821" errors="0" timestamp="2022-09-07T15:20:07 IST" skipped="0">
  <testcase classname="com.restassured.udemyrahul.A19Basics" name="A19Json" time="2.821"/>
  <system-out/>
</testsuite> <!-- com.restassured.udemyrahul.A19Basics -->
