<?xml version="1.0" encoding="UTF-8"?>
<!-- Generated by org.testng.reporters.JUnitReportReporter -->
<testsuite hostname="P0133522" failures="0" tests="1" name="com.restassured.json.A24JsonPathExamples" time="0.868" errors="0" timestamp="2022-09-05T18:34:06 IST" skipped="0">
  <testcase classname="com.restassured.json.A24JsonPathExamples" name="jsonPathDemo" time="0.868"/>
  <system-out/>
</testsuite> <!-- com.restassured.json.A24JsonPathExamples -->
