<?xml version="1.0" encoding="UTF-8"?>
<!-- Generated by org.testng.reporters.JUnitReportReporter -->
<testsuite hostname="P0133522" failures="0" tests="1" name="com.restassured.json.A29JsonArrayAndNestedJsonArray" time="1.290" errors="0" timestamp="2022-08-29T17:44:42 IST" skipped="0">
  <testcase classname="com.restassured.json.A29JsonArrayAndNestedJsonArray" name="jsonPathArray" time="1.290"/>
  <system-out/>
</testsuite> <!-- com.restassured.json.A29JsonArrayAndNestedJsonArray -->
