<?xml version="1.0" encoding="UTF-8"?>
<!-- Generated by org.testng.reporters.JUnitReportReporter -->
<testsuite hostname="P0133522" failures="0" tests="1" name="com.restassured.json.A40ConvertJsonArrayToList" time="2.687" errors="0" timestamp="2022-08-30T12:35:46 IST" skipped="0">
  <testcase classname="com.restassured.json.A40ConvertJsonArrayToList" name="convertToJsonArrayToList" time="2.687"/>
  <system-out/>
</testsuite> <!-- com.restassured.json.A40ConvertJsonArrayToList -->
