<?xml version="1.0" encoding="UTF-8"?>
<!-- Generated by org.testng.reporters.JUnitReportReporter -->
<testsuite hostname="P0133522" failures="0" tests="1" name="com.restassured.json.A38MockAPIJsonResponse" time="2.198" errors="0" timestamp="2022-08-30T11:57:44 IST" skipped="0">
  <testcase classname="com.restassured.json.A38MockAPIJsonResponse" name="mockAPIResponse" time="2.198"/>
  <system-out/>
</testsuite> <!-- com.restassured.json.A38MockAPIJsonResponse -->
