<?xml version="1.0" encoding="UTF-8"?>
<!-- Generated by org.testng.reporters.JUnitReportReporter -->
<testsuite hostname="P0133522" failures="0" tests="1" name="com.restassured.json.A27JsonArrayAndNestedJsonArray" time="0.892" errors="0" timestamp="2022-09-05T19:10:40 IST" skipped="0">
  <testcase classname="com.restassured.json.A27JsonArrayAndNestedJsonArray" name="nestedJsonArray" time="0.892"/>
  <system-out/>
</testsuite> <!-- com.restassured.json.A27JsonArrayAndNestedJsonArray -->
