<?xml version="1.0" encoding="UTF-8"?>
<!-- Generated by org.testng.reporters.JUnitReportReporter -->
<testsuite hostname="P0133522" failures="0" tests="1" name="com.restassured.ResponseSpecification" time="3.125" errors="0" timestamp="2022-08-27T19:48:01 IST" skipped="0">
  <testcase classname="com.restassured.ResponseSpecification" name="createBooking" time="3.125"/>
  <system-out/>
</testsuite> <!-- com.restassured.ResponseSpecification -->
