<?xml version="1.0" encoding="UTF-8"?>
<!-- Generated by org.testng.reporters.JUnitReportReporter -->
<testsuite hostname="P0133522" failures="0" tests="1" name="com.restassured.udemyrahul.ComplexJsonParse" time="1.126" errors="0" timestamp="2022-08-30T19:37:53 IST" skipped="0">
  <testcase classname="com.restassured.udemyrahul.ComplexJsonParse" name="complexJson" time="1.126"/>
  <system-out/>
</testsuite> <!-- com.restassured.udemyrahul.ComplexJsonParse -->
