<?xml version="1.0" encoding="UTF-8"?>
<!-- Generated by org.testng.reporters.JUnitReportReporter -->
<testsuite hostname="P0133522" failures="0" tests="1" name="com.restassured.json.A25JsonPathJsonObject" time="1.187" errors="0" timestamp="2022-08-29T15:12:31 IST" skipped="0">
  <testcase classname="com.restassured.json.A25JsonPathJsonObject" name="nestedJsonObject" time="1.187"/>
  <system-out/>
</testsuite> <!-- com.restassured.json.A25JsonPathJsonObject -->
