<?xml version="1.0" encoding="UTF-8"?>
<!-- Generated by org.testng.reporters.JUnitReportReporter -->
<testsuite hostname="P0133522" failures="0" tests="3" name="com.restassured.json.A39ConvertJsonToJavaMap" time="3.796" errors="0" timestamp="2022-08-30T12:26:55 IST" skipped="0">
  <testcase classname="com.restassured.json.A39ConvertJsonToJavaMap" name="convertJsonToJavaMap" time="2.558"/>
  <system-out/>
  <testcase classname="com.restassured.json.A39ConvertJsonToJavaMap" name="convertJsonToJavaMapWithGenerics" time="0.633"/>
  <system-out/>
  <testcase classname="com.restassured.json.A39ConvertJsonToJavaMap" name="convertNestedJsonToJavaMap" time="0.605"/>
  <system-out/>
</testsuite> <!-- com.restassured.json.A39ConvertJsonToJavaMap -->
