<?xml version="1.0" encoding="UTF-8"?>
<!-- Generated by org.testng.reporters.JUnitReportReporter -->
<testsuite hostname="P0133522" failures="0" tests="1" name="com.restassured.udemyrahul.A32LibraryAPI" time="2.224" errors="0" timestamp="2022-09-06T16:01:10 IST" skipped="0">
  <testcase classname="com.restassured.udemyrahul.A32LibraryAPI" name="libraryAPI" time="2.224"/>
  <system-out/>
</testsuite> <!-- com.restassured.udemyrahul.A32LibraryAPI -->
