<?xml version="1.0" encoding="UTF-8"?>
<!-- Generated by org.testng.reporters.JUnitReportReporter -->
<testsuite hostname="P0133522" failures="0" tests="1" name="com.restassured.ZAllRestAssuredTutorials" time="0.017" errors="0" timestamp="2022-09-06T18:57:53 IST" skipped="0">
  <testcase classname="com.restassured.ZAllRestAssuredTutorials" name="complexJsonArray" time="0.017"/>
  <system-out/>
</testsuite> <!-- com.restassured.ZAllRestAssuredTutorials -->
