<?xml version="1.0" encoding="UTF-8"?>
<!-- Generated by org.testng.reporters.JUnitReportReporter -->
<testsuite hostname="P0133522" failures="0" tests="1" name="com.restassured.udemyrahul.RestBasics" time="3.942" errors="0" timestamp="2022-08-30T18:30:37 IST" skipped="0">
  <testcase classname="com.restassured.udemyrahul.RestBasics" name="basicAPI3" time="3.942"/>
  <system-out/>
</testsuite> <!-- com.restassured.udemyrahul.RestBasics -->
